<?xml version="1.0" encoding="UTF-8"?>
<testsuite xmlns:xsi="http://www.w3.org/2001/XMLSchema-instance" xsi:noNamespaceSchemaLocation="https://maven.apache.org/surefire/maven-surefire-plugin/xsd/surefire-test-report-3.0.xsd" version="3.0" name="cia.northboat.auth.AuthApplicationTests" time="7.081" tests="1" errors="0" skipped="0" failures="0">
  <properties>
[...]
</properties>
  <testcase name="contextLoads" classname="cia.northboat.auth.AuthApplicationTests" time="0.193">
    <system-out><![CDATA[17:14:06.839 [main] DEBUG org.springframework.boot.test.context.SpringBootTestContextBootstrapper - Neither @ContextConfiguration nor @ContextHierarchy found for test class [AuthApplicationTests]: using SpringBootContextLoader
17:14:06.843 [main] DEBUG org.springframework.test.context.support.AbstractContextLoader - Could not detect default resource locations for test class [cia.northboat.auth.AuthApplicationTests]: no resource found for suffixes {-context.xml, Context.groovy}.
17:14:06.844 [main] INFO org.springframework.test.context.support.AnnotationConfigContextLoaderUtils - Could not detect default configuration classes for test class [cia.northboat.auth.AuthApplicationTests]: AuthApplicationTests does not declare any static, non-private, non-final, nested classes annotated with @Configuration.
17:14:06.873 [main] DEBUG org.springframework.boot.test.context.SpringBootTestContextBootstrapper - Using ContextCustomizers for test class [AuthApplicationTests]: [ExcludeFilterContextCustomizer, DuplicateJsonObjectContextCustomizer, MockitoContextCustomizer, TestRestTemplateContextCustomizer, DisableObservabilityContextCustomizer, PropertyMappingContextCustomizer, Customizer]
17:14:06.938 [main] DEBUG org.springframework.context.annotation.ClassPathScanningCandidateComponentProvider - Identified candidate component class: file [E:\File\XDU\项目\认证\Auth-Sim-Platform\target\classes\cia\northboat\auth\AuthApplication.class]
17:14:06.940 [main] INFO org.springframework.boot.test.context.SpringBootTestContextBootstrapper - Found @SpringBootConfiguration cia.northboat.auth.AuthApplication for test class cia.northboat.auth.AuthApplicationTests
17:14:07.067 [main] DEBUG org.springframework.boot.test.context.SpringBootTestContextBootstrapper - Using TestExecutionListeners for test class [AuthApplicationTests]: [ServletTestExecutionListener, DirtiesContextBeforeModesTestExecutionListener, ApplicationEventsTestExecutionListener, MockitoTestExecutionListener, DependencyInjectionTestExecutionListener, DirtiesContextTestExecutionListener, TransactionalTestExecutionListener, SqlScriptsTestExecutionListener, EventPublishingTestExecutionListener, ResetMocksTestExecutionListener, RestDocsTestExecutionListener, MockRestServiceServerResetTestExecutionListener, MockMvcPrintOnlyOnFailureTestExecutionListener, WebDriverTestExecutionListener, MockWebServiceServerTestExecutionListener]
17:14:07.069 [main] DEBUG org.springframework.test.context.support.AbstractDirtiesContextTestExecutionListener - Before test class: class [AuthApplicationTests], class annotated with @DirtiesContext [false] with mode [null]

  .   ____          _            __ _ _
 /\\ / ___'_ __ _ _(_)_ __  __ _ \ \ \ \
( ( )\___ | '_ | '_| | '_ \/ _` | \ \ \ \
 \\/  ___)| |_)| | | | | || (_| |  ) ) ) )
  '  |____| .__|_| |_|_| |_\__, | / / / /
 =========|_|==============|___/=/_/_/_/
 :: Spring Boot ::                (v3.0.2)

2024-12-02T17:14:07.499+08:00  INFO 21756 --- [           main] c.northboat.auth.AuthApplicationTests    : Starting AuthApplicationTests using Java 17.0.7 with PID 21756 (started by northboat in E:\File\XDU\项目\认证\Auth-Sim-Platform)
2024-12-02T17:14:07.502+08:00  INFO 21756 --- [           main] c.northboat.auth.AuthApplicationTests    : No active profile set, falling back to 1 default profile: "default"
2024-12-02T17:14:08.277+08:00  INFO 21756 --- [           main] .s.d.r.c.RepositoryConfigurationDelegate : Multiple Spring Data modules found, entering strict repository configuration mode
2024-12-02T17:14:08.279+08:00  INFO 21756 --- [           main] .s.d.r.c.RepositoryConfigurationDelegate : Bootstrapping Spring Data JPA repositories in DEFAULT mode.
2024-12-02T17:14:08.420+08:00  INFO 21756 --- [           main] .s.d.r.c.RepositoryConfigurationDelegate : Finished Spring Data repository scanning in 133 ms. Found 2 JPA repository interfaces.
2024-12-02T17:14:08.436+08:00  INFO 21756 --- [           main] .s.d.r.c.RepositoryConfigurationDelegate : Multiple Spring Data modules found, entering strict repository configuration mode
2024-12-02T17:14:08.437+08:00  INFO 21756 --- [           main] .s.d.r.c.RepositoryConfigurationDelegate : Bootstrapping Spring Data Redis repositories in DEFAULT mode.
2024-12-02T17:14:08.450+08:00  INFO 21756 --- [           main] .RepositoryConfigurationExtensionSupport : Spring Data Redis - Could not safely identify store assignment for repository candidate interface cia.northboat.auth.dao.ImageRepository; If you want this repository to be a Redis repository, consider annotating your entities with one of these annotations: org.springframework.data.redis.core.RedisHash (preferred), or consider extending one of the following types with your repository: org.springframework.data.keyvalue.repository.KeyValueRepository
2024-12-02T17:14:08.451+08:00  INFO 21756 --- [           main] .RepositoryConfigurationExtensionSupport : Spring Data Redis - Could not safely identify store assignment for repository candidate interface cia.northboat.auth.dao.UserRepository; If you want this repository to be a Redis repository, consider annotating your entities with one of these annotations: org.springframework.data.redis.core.RedisHash (preferred), or consider extending one of the following types with your repository: org.springframework.data.keyvalue.repository.KeyValueRepository
2024-12-02T17:14:08.451+08:00  INFO 21756 --- [           main] .s.d.r.c.RepositoryConfigurationDelegate : Finished Spring Data repository scanning in 5 ms. Found 0 Redis repository interfaces.
2024-12-02T17:14:09.039+08:00  INFO 21756 --- [           main] o.hibernate.jpa.internal.util.LogHelper  : HHH000204: Processing PersistenceUnitInfo [name: default]
2024-12-02T17:14:09.108+08:00  INFO 21756 --- [           main] org.hibernate.Version                    : HHH000412: Hibernate ORM core version 6.1.6.Final
2024-12-02T17:14:09.276+08:00  WARN 21756 --- [           main] org.hibernate.orm.deprecation            : HHH90000021: Encountered deprecated setting [javax.persistence.sharedCache.mode], use [jakarta.persistence.sharedCache.mode] instead
2024-12-02T17:14:09.474+08:00  INFO 21756 --- [           main] com.zaxxer.hikari.HikariDataSource       : HikariPool-1 - Starting...
2024-12-02T17:14:10.916+08:00  INFO 21756 --- [           main] com.zaxxer.hikari.pool.HikariPool        : HikariPool-1 - Added connection com.mysql.cj.jdbc.ConnectionImpl@1224e1b6
2024-12-02T17:14:10.918+08:00  INFO 21756 --- [           main] com.zaxxer.hikari.HikariDataSource       : HikariPool-1 - Start completed.
2024-12-02T17:14:10.938+08:00  INFO 21756 --- [           main] SQL dialect                              : HHH000400: Using dialect: org.hibernate.dialect.MySQL8Dialect
2024-12-02T17:14:10.939+08:00  WARN 21756 --- [           main] org.hibernate.orm.deprecation            : HHH90000026: MySQL8Dialect has been deprecated; use org.hibernate.dialect.MySQLDialect instead
2024-12-02T17:14:12.016+08:00  INFO 21756 --- [           main] o.h.e.t.j.p.i.JtaPlatformInitiator       : HHH000490: Using JtaPlatform implementation: [org.hibernate.engine.transaction.jta.platform.internal.NoJtaPlatform]
2024-12-02T17:14:12.029+08:00  INFO 21756 --- [           main] j.LocalContainerEntityManagerFactoryBean : Initialized JPA EntityManagerFactory for persistence unit 'default'
2024-12-02T17:14:12.335+08:00  WARN 21756 --- [           main] ocalVariableTableParameterNameDiscoverer : Using deprecated '-debug' fallback for parameter name resolution. Compile the affected code with '-parameters' instead or avoid its introspection: cia.northboat.auth.dao.UserRepository
2024-12-02T17:14:12.434+08:00  WARN 21756 --- [           main] ocalVariableTableParameterNameDiscoverer : Using deprecated '-debug' fallback for parameter name resolution. Compile the affected code with '-parameters' instead or avoid its introspection: cia.northboat.auth.dao.ImageRepository
2024-12-02T17:14:12.477+08:00  WARN 21756 --- [           main] JpaBaseConfiguration$JpaWebConfiguration : spring.jpa.open-in-view is enabled by default. Therefore, database queries may be performed during view rendering. Explicitly configure spring.jpa.open-in-view to disable this warning
2024-12-02T17:14:12.597+08:00  INFO 21756 --- [           main] o.s.b.a.w.s.WelcomePageHandlerMapping    : Adding welcome page template: index
2024-12-02T17:14:12.857+08:00  INFO 21756 --- [           main] o.s.s.web.DefaultSecurityFilterChain     : Will secure any request with [org.springframework.security.web.session.DisableEncodeUrlFilter@16269ff4, org.springframework.security.web.context.request.async.WebAsyncManagerIntegrationFilter@684bfba9, org.springframework.security.web.context.SecurityContextHolderFilter@df04d12, org.springframework.security.web.header.HeaderWriterFilter@6f12fca0, org.springframework.security.web.csrf.CsrfFilter@151f1734, org.springframework.security.web.authentication.logout.LogoutFilter@7d12fb85, org.springframework.security.web.authentication.UsernamePasswordAuthenticationFilter@39007725, org.springframework.security.web.savedrequest.RequestCacheAwareFilter@7ff7e353, org.springframework.security.web.servletapi.SecurityContextHolderAwareRequestFilter@309d54ac, org.springframework.security.web.authentication.AnonymousAuthenticationFilter@6f9b5f01, org.springframework.security.web.access.ExceptionTranslationFilter@c3c63c1, org.springframework.security.web.access.intercept.AuthorizationFilter@136690b1]
2024-12-02T17:14:13.554+08:00  INFO 21756 --- [           main] c.northboat.auth.AuthApplicationTests    : Started AuthApplicationTests in 6.444 seconds (process running for 7.453)
]]></system-out>
  </testcase>
</testsuite>